<?xml version="1.0" encoding="UTF-8"?>
<testsuite name="com.musinsa.product.application.api.item.ItemControllerTest" tests="3" skipped="0" failures="0" errors="0" timestamp="2025-05-02T06:54:36" hostname="ip-10-200-10-14.ap-northeast-2.compute.internal" time="0.029">
  <properties/>
  <testcase name="PUT /api/items - 아이템 수정" classname="com.musinsa.product.application.api.item.ItemControllerTest" time="0.019"/>
  <testcase name="POST /api/items - 아이템 생성" classname="com.musinsa.product.application.api.item.ItemControllerTest" time="0.004"/>
  <testcase name="DELETE /api/items/{itemId} - 아이템 삭제" classname="com.musinsa.product.application.api.item.ItemControllerTest" time="0.004"/>
  <system-out><![CDATA[2025-05-02T15:54:35.704+09:00  INFO 18001 --- [    Test worker] t.c.s.AnnotationConfigContextLoaderUtils : Could not detect default configuration classes for test class [com.musinsa.product.application.api.item.ItemControllerTest]: ItemControllerTest does not declare any static, non-private, non-final, nested classes annotated with @Configuration.
2025-05-02T15:54:35.758+09:00  INFO 18001 --- [    Test worker] .b.t.c.SpringBootTestContextBootstrapper : Found @SpringBootConfiguration com.musinsa.product.ProductApplication for test class com.musinsa.product.application.api.item.ItemControllerTest

  .   ____          _            __ _ _
 /\\ / ___'_ __ _ _(_)_ __  __ _ \ \ \ \
( ( )\___ | '_ | '_| | '_ \/ _` | \ \ \ \
 \\/  ___)| |_)| | | | | || (_| |  ) ) ) )
  '  |____| .__|_| |_|_| |_\__, | / / / /
 =========|_|==============|___/=/_/_/_/

 :: Spring Boot ::                (v3.4.2)

2025-05-02T15:54:35.786+09:00  INFO 18001 --- [    Test worker] c.m.p.a.api.item.ItemControllerTest      : Starting ItemControllerTest using Java 17.0.14 with PID 18001 (started by sangmoon.yoo in /Users/sangmoon.yoo/private/com-musinsa-product)
2025-05-02T15:54:35.786+09:00  INFO 18001 --- [    Test worker] c.m.p.a.api.item.ItemControllerTest      : No active profile set, falling back to 1 default profile: "default"
2025-05-02T15:54:35.956+09:00  INFO 18001 --- [    Test worker] o.s.b.a.w.s.WelcomePageHandlerMapping    : Adding welcome page template: index
2025-05-02T15:54:36.007+09:00  INFO 18001 --- [    Test worker] o.s.b.t.m.w.SpringBootMockServletContext : Initializing Spring TestDispatcherServlet ''
2025-05-02T15:54:36.008+09:00  INFO 18001 --- [    Test worker] o.s.t.web.servlet.TestDispatcherServlet  : Initializing Servlet ''
2025-05-02T15:54:36.008+09:00  INFO 18001 --- [    Test worker] o.s.t.web.servlet.TestDispatcherServlet  : Completed initialization in 0 ms
2025-05-02T15:54:36.013+09:00  INFO 18001 --- [    Test worker] c.m.p.a.api.item.ItemControllerTest      : Started ItemControllerTest in 0.253 seconds (process running for 4.593)
]]></system-out>
  <system-err><![CDATA[]]></system-err>
</testsuite>
