<?xml version="1.0" encoding="UTF-8"?>
<testsuite name="com.musinsa.product.core.service.brand.BrandServiceTest" tests="3" skipped="0" failures="0" errors="0" timestamp="2025-05-02T06:54:36" hostname="ip-10-200-10-14.ap-northeast-2.compute.internal" time="0.061">
  <properties/>
  <testcase name="새로운 브랜드 저장" classname="com.musinsa.product.core.service.brand.BrandServiceTest" time="0.059"/>
  <testcase name="브랜드 수정" classname="com.musinsa.product.core.service.brand.BrandServiceTest" time="0.0"/>
  <testcase name="soft delete , 비활성화 처리" classname="com.musinsa.product.core.service.brand.BrandServiceTest" time="0.0"/>
  <system-out><![CDATA[]]></system-out>
  <system-err><![CDATA[]]></system-err>
</testsuite>
