<?xml version="1.0" encoding="UTF-8"?>
<testsuite name="com.musinsa.product.core.service.item.ItemServiceTest" tests="3" skipped="0" failures="0" errors="0" timestamp="2025-05-02T06:54:36" hostname="ip-10-200-10-14.ap-northeast-2.compute.internal" time="0.037">
  <properties/>
  <testcase name="update_shouldAdjustItem()" classname="com.musinsa.product.core.service.item.ItemServiceTest" time="0.034"/>
  <testcase name="delete_shouldDeactivateItem()" classname="com.musinsa.product.core.service.item.ItemServiceTest" time="0.001"/>
  <testcase name="create_shouldSaveItemWithBrandAndCategory()" classname="com.musinsa.product.core.service.item.ItemServiceTest" time="0.001"/>
  <system-out><![CDATA[]]></system-out>
  <system-err><![CDATA[]]></system-err>
</testsuite>
